[debug] [2021-12-16T21:35:48.605Z] ----------------------------------------------------------------------
[debug] [2021-12-16T21:35:48.607Z] Command:       C:\Program Files\nodejs\node.exe C:\Users\W10\AppData\Roaming\npm\node_modules\firebase-tools\lib\bin\firebase.js init
[debug] [2021-12-16T21:35:48.608Z] CLI Version:   10.0.0
[debug] [2021-12-16T21:35:48.608Z] Platform:      win32
[debug] [2021-12-16T21:35:48.609Z] Node Version:  v16.13.0
[debug] [2021-12-16T21:35:48.610Z] Time:          Thu Dec 16 2021 15:35:48 GMT-0600 (hora estándar central)
[debug] [2021-12-16T21:35:48.610Z] ----------------------------------------------------------------------
[debug] 
[debug] [2021-12-16T21:35:48.621Z] > command requires scopes: ["email","openid","https://www.googleapis.com/auth/cloudplatformprojects.readonly","https://www.googleapis.com/auth/firebase","https://www.googleapis.com/auth/cloud-platform"]
[debug] [2021-12-16T21:35:48.622Z] > authorizing via signed-in user (smfer09@gmail.com)
[info] 
     ######## #### ########  ######## ########     ###     ######  ########
     ##        ##  ##     ## ##       ##     ##  ##   ##  ##       ##
     ######    ##  ########  ######   ########  #########  ######  ######
     ##        ##  ##    ##  ##       ##     ## ##     ##       ## ##
     ##       #### ##     ## ######## ########  ##     ##  ######  ########

You're about to initialize a Firebase project in this directory:

  C:\PWA_fer\TacoTime

Before we get started, keep in mind:

  * You are currently outside your home directory

